{"C:\\Users\\lukas\\OneDrive\\Escritorio\\Hotel pacific reef\\frontend\\src\\api\\axios.js": {"path":"C:\\Users\\lukas\\OneDrive\\Escritorio\\Hotel pacific reef\\frontend\\src\\api\\axios.js","statementMap":{"0":{"start":{"line":3,"column":12},"end":{"line":8,"column":2}},"1":{"start":{"line":11,"column":0},"end":{"line":17,"column":3}},"2":{"start":{"line":12,"column":16},"end":{"line":12,"column":52}},"3":{"start":{"line":13,"column":2},"end":{"line":15,"column":3}},"4":{"start":{"line":14,"column":4},"end":{"line":14,"column":53}},"5":{"start":{"line":16,"column":2},"end":{"line":16,"column":16}},"6":{"start":{"line":20,"column":0},"end":{"line":29,"column":2}},"7":{"start":{"line":21,"column":16},"end":{"line":21,"column":24}},"8":{"start":{"line":23,"column":4},"end":{"line":26,"column":5}},"9":{"start":{"line":24,"column":6},"end":{"line":24,"column":46}},"10":{"start":{"line":25,"column":6},"end":{"line":25,"column":38}},"11":{"start":{"line":27,"column":4},"end":{"line":27,"column":33}}},"fnMap":{"0":{"name":"(anonymous_0)","decl":{"start":{"line":11,"column":29},"end":{"line":11,"column":30}},"loc":{"start":{"line":11,"column":41},"end":{"line":17,"column":1}},"line":11},"1":{"name":"(anonymous_1)","decl":{"start":{"line":21,"column":2},"end":{"line":21,"column":3}},"loc":{"start":{"line":21,"column":16},"end":{"line":21,"column":24}},"line":21},"2":{"name":"(anonymous_2)","decl":{"start":{"line":22,"column":2},"end":{"line":22,"column":7}},"loc":{"start":{"line":22,"column":19},"end":{"line":28,"column":3}},"line":22}},"branchMap":{"0":{"loc":{"start":{"line":13,"column":2},"end":{"line":15,"column":3}},"type":"if","locations":[{"start":{"line":13,"column":2},"end":{"line":15,"column":3}},{"start":{},"end":{}}],"line":13},"1":{"loc":{"start":{"line":23,"column":4},"end":{"line":26,"column":5}},"type":"if","locations":[{"start":{"line":23,"column":4},"end":{"line":26,"column":5}},{"start":{},"end":{}}],"line":23}},"s":{"0":1,"1":1,"2":0,"3":0,"4":0,"5":0,"6":1,"7":0,"8":0,"9":0,"10":0,"11":0},"f":{"0":0,"1":0,"2":0},"b":{"0":[0,0],"1":[0,0]},"meta":{"lastBranch":2,"lastFunction":3,"lastStatement":12,"seen":{"s:3:12:8:2":0,"s:11:0:17:3":1,"f:11:29:11:30":0,"s:12:16:12:52":2,"b:13:2:15:3:undefined:undefined:undefined:undefined":0,"s:13:2:15:3":3,"s:14:4:14:53":4,"s:16:2:16:16":5,"s:20:0:29:2":6,"f:21:2:21:3":1,"s:21:16:21:24":7,"f:22:2:22:7":2,"b:23:4:26:5:undefined:undefined:undefined:undefined":1,"s:23:4:26:5":8,"s:24:6:24:46":9,"s:25:6:25:38":10,"s:27:4:27:33":11}}}
,"C:\\Users\\lukas\\OneDrive\\Escritorio\\Hotel pacific reef\\frontend\\src\\components\\RoomCard.jsx": {"path":"C:\\Users\\lukas\\OneDrive\\Escritorio\\Hotel pacific reef\\frontend\\src\\components\\RoomCard.jsx","statementMap":{"0":{"start":{"line":4,"column":6},"end":{"line":40,"column":null}},"1":{"start":{"line":5,"column":2},"end":{"line":40,"column":null}}},"fnMap":{"0":{"name":"(anonymous_0)","decl":{"start":{"line":4,"column":6},"end":{"line":4,"column":18}},"loc":{"start":{"line":4,"column":31},"end":{"line":40,"column":null}},"line":4}},"branchMap":{"0":{"loc":{"start":{"line":14,"column":10},"end":{"line":14,"column":null}},"type":"cond-expr","locations":[{"start":{"line":14,"column":40},"end":{"line":14,"column":68}},{"start":{"line":14,"column":68},"end":{"line":14,"column":null}}],"line":14},"1":{"loc":{"start":{"line":16,"column":11},"end":{"line":16,"column":null}},"type":"cond-expr","locations":[{"start":{"line":16,"column":41},"end":{"line":16,"column":53}},{"start":{"line":16,"column":53},"end":{"line":16,"column":null}}],"line":16}},"s":{"0":2,"1":3},"f":{"0":3},"b":{"0":[0,3],"1":[0,3]},"meta":{"lastBranch":2,"lastFunction":1,"lastStatement":2,"seen":{"s:4:6:40:Infinity":0,"f:4:6:4:18":0,"s:5:2:40:Infinity":1,"b:14:40:14:68:14:68:14:Infinity":0,"b:16:41:16:53:16:53:16:Infinity":1}}}
,"C:\\Users\\lukas\\OneDrive\\Escritorio\\Hotel pacific reef\\frontend\\src\\context\\AuthContext.jsx": {"path":"C:\\Users\\lukas\\OneDrive\\Escritorio\\Hotel pacific reef\\frontend\\src\\context\\AuthContext.jsx","statementMap":{"0":{"start":{"line":4,"column":13},"end":{"line":4,"column":46}},"1":{"start":{"line":6,"column":13},"end":{"line":71,"column":null}},"2":{"start":{"line":7,"column":15},"end":{"line":7,"column":40}},"3":{"start":{"line":8,"column":18},"end":{"line":8,"column":46}},"4":{"start":{"line":10,"column":2},"end":{"line":17,"column":null}},"5":{"start":{"line":11,"column":18},"end":{"line":11,"column":54}},"6":{"start":{"line":12,"column":4},"end":{"line":15,"column":null}},"7":{"start":{"line":13,"column":6},"end":{"line":13,"column":null}},"8":{"start":{"line":15,"column":6},"end":{"line":15,"column":null}},"9":{"start":{"line":19,"column":23},"end":{"line":26,"column":null}},"10":{"start":{"line":20,"column":4},"end":{"line":26,"column":null}},"11":{"start":{"line":21,"column":23},"end":{"line":21,"column":54}},"12":{"start":{"line":22,"column":6},"end":{"line":22,"column":null}},"13":{"start":{"line":24,"column":6},"end":{"line":24,"column":null}},"14":{"start":{"line":26,"column":6},"end":{"line":26,"column":null}},"15":{"start":{"line":30,"column":16},"end":{"line":45,"column":null}},"16":{"start":{"line":31,"column":4},"end":{"line":45,"column":null}},"17":{"start":{"line":32,"column":23},"end":{"line":35,"column":8}},"18":{"start":{"line":36,"column":6},"end":{"line":36,"column":null}},"19":{"start":{"line":37,"column":6},"end":{"line":37,"column":null}},"20":{"start":{"line":38,"column":6},"end":{"line":38,"column":null}},"21":{"start":{"line":39,"column":6},"end":{"line":39,"column":null}},"22":{"start":{"line":41,"column":6},"end":{"line":41,"column":null}},"23":{"start":{"line":42,"column":6},"end":{"line":45,"column":null}},"24":{"start":{"line":49,"column":19},"end":{"line":58,"column":null}},"25":{"start":{"line":50,"column":4},"end":{"line":58,"column":null}},"26":{"start":{"line":51,"column":23},"end":{"line":51,"column":66}},"27":{"start":{"line":52,"column":6},"end":{"line":52,"column":null}},"28":{"start":{"line":54,"column":6},"end":{"line":54,"column":null}},"29":{"start":{"line":55,"column":6},"end":{"line":58,"column":null}},"30":{"start":{"line":62,"column":8},"end":{"line":65,"column":null}},"31":{"start":{"line":63,"column":4},"end":{"line":63,"column":null}},"32":{"start":{"line":64,"column":4},"end":{"line":64,"column":null}},"33":{"start":{"line":65,"column":4},"end":{"line":65,"column":null}},"34":{"start":{"line":68,"column":2},"end":{"line":71,"column":null}},"35":{"start":{"line":75,"column":13},"end":{"line":75,"column":52}}},"fnMap":{"0":{"name":"(anonymous_0)","decl":{"start":{"line":6,"column":13},"end":{"line":6,"column":29}},"loc":{"start":{"line":6,"column":46},"end":{"line":71,"column":null}},"line":6},"1":{"name":"(anonymous_1)","decl":{"start":{"line":10,"column":2},"end":{"line":10,"column":18}},"loc":{"start":{"line":10,"column":18},"end":{"line":17,"column":7}},"line":10},"2":{"name":"(anonymous_2)","decl":{"start":{"line":19,"column":23},"end":{"line":19,"column":35}},"loc":{"start":{"line":19,"column":35},"end":{"line":26,"column":null}},"line":19},"3":{"name":"(anonymous_3)","decl":{"start":{"line":30,"column":16},"end":{"line":30,"column":23}},"loc":{"start":{"line":30,"column":43},"end":{"line":45,"column":null}},"line":30},"4":{"name":"(anonymous_4)","decl":{"start":{"line":49,"column":19},"end":{"line":49,"column":26}},"loc":{"start":{"line":49,"column":39},"end":{"line":58,"column":null}},"line":49},"5":{"name":"(anonymous_5)","decl":{"start":{"line":62,"column":8},"end":{"line":62,"column":23}},"loc":{"start":{"line":62,"column":23},"end":{"line":65,"column":null}},"line":62},"6":{"name":"(anonymous_6)","decl":{"start":{"line":75,"column":13},"end":{"line":75,"column":29}},"loc":{"start":{"line":75,"column":13},"end":{"line":75,"column":52}},"line":75}},"branchMap":{"0":{"loc":{"start":{"line":12,"column":4},"end":{"line":15,"column":null}},"type":"if","locations":[{"start":{"line":12,"column":4},"end":{"line":15,"column":null}},{"start":{"line":14,"column":11},"end":{"line":15,"column":null}}],"line":12},"1":{"loc":{"start":{"line":44,"column":15},"end":{"line":44,"column":null}},"type":"binary-expr","locations":[{"start":{"line":44,"column":15},"end":{"line":44,"column":47}},{"start":{"line":44,"column":47},"end":{"line":44,"column":null}}],"line":44},"2":{"loc":{"start":{"line":57,"column":15},"end":{"line":57,"column":null}},"type":"binary-expr","locations":[{"start":{"line":57,"column":15},"end":{"line":57,"column":39}},{"start":{"line":57,"column":39},"end":{"line":57,"column":null}}],"line":57}},"s":{"0":3,"1":3,"2":16,"3":16,"4":16,"5":7,"6":7,"7":1,"8":6,"9":16,"10":3,"11":3,"12":2,"13":1,"14":3,"15":16,"16":4,"17":4,"18":2,"19":2,"20":2,"21":2,"22":2,"23":2,"24":16,"25":0,"26":0,"27":0,"28":0,"29":0,"30":16,"31":2,"32":2,"33":2,"34":16,"35":30},"f":{"0":16,"1":7,"2":3,"3":4,"4":0,"5":2,"6":30},"b":{"0":[1,6],"1":[2,0],"2":[0,0]},"meta":{"lastBranch":3,"lastFunction":7,"lastStatement":36,"seen":{"s:4:13:4:46":0,"s:6:13:71:Infinity":1,"f:6:13:6:29":0,"s:7:15:7:40":2,"s:8:18:8:46":3,"s:10:2:17:Infinity":4,"f:10:2:10:18":1,"s:11:18:11:54":5,"b:12:4:15:Infinity:14:11:15:Infinity":0,"s:12:4:15:Infinity":6,"s:13:6:13:Infinity":7,"s:15:6:15:Infinity":8,"s:19:23:26:Infinity":9,"f:19:23:19:35":2,"s:20:4:26:Infinity":10,"s:21:23:21:54":11,"s:22:6:22:Infinity":12,"s:24:6:24:Infinity":13,"s:26:6:26:Infinity":14,"s:30:16:45:Infinity":15,"f:30:16:30:23":3,"s:31:4:45:Infinity":16,"s:32:23:35:8":17,"s:36:6:36:Infinity":18,"s:37:6:37:Infinity":19,"s:38:6:38:Infinity":20,"s:39:6:39:Infinity":21,"s:41:6:41:Infinity":22,"s:42:6:45:Infinity":23,"b:44:15:44:47:44:47:44:Infinity":1,"s:49:19:58:Infinity":24,"f:49:19:49:26":4,"s:50:4:58:Infinity":25,"s:51:23:51:66":26,"s:52:6:52:Infinity":27,"s:54:6:54:Infinity":28,"s:55:6:58:Infinity":29,"b:57:15:57:39:57:39:57:Infinity":2,"s:62:8:65:Infinity":30,"f:62:8:62:23":5,"s:63:4:63:Infinity":31,"s:64:4:64:Infinity":32,"s:65:4:65:Infinity":33,"s:68:2:71:Infinity":34,"s:75:13:75:52":35,"f:75:13:75:29":6}}}
,"C:\\Users\\lukas\\OneDrive\\Escritorio\\Hotel pacific reef\\frontend\\src\\pages\\Home.jsx": {"path":"C:\\Users\\lukas\\OneDrive\\Escritorio\\Hotel pacific reef\\frontend\\src\\pages\\Home.jsx","statementMap":{"0":{"start":{"line":8,"column":6},"end":{"line":144,"column":null}},"1":{"start":{"line":9,"column":10},"end":{"line":9,"column":32}},"2":{"start":{"line":10,"column":8},"end":{"line":10,"column":32}},"3":{"start":{"line":11,"column":24},"end":{"line":11,"column":56}},"4":{"start":{"line":12,"column":22},"end":{"line":12,"column":79}},"5":{"start":{"line":14,"column":2},"end":{"line":30,"column":null}},"6":{"start":{"line":17,"column":26},"end":{"line":26,"column":null}},"7":{"start":{"line":18,"column":6},"end":{"line":26,"column":null}},"8":{"start":{"line":19,"column":25},"end":{"line":19,"column":57}},"9":{"start":{"line":22,"column":24},"end":{"line":22,"column":87}},"10":{"start":{"line":22,"column":50},"end":{"line":22,"column":75}},"11":{"start":{"line":23,"column":24},"end":{"line":23,"column":87}},"12":{"start":{"line":23,"column":50},"end":{"line":23,"column":75}},"13":{"start":{"line":24,"column":8},"end":{"line":24,"column":null}},"14":{"start":{"line":26,"column":8},"end":{"line":26,"column":null}},"15":{"start":{"line":29,"column":4},"end":{"line":29,"column":null}},"16":{"start":{"line":32,"column":8},"end":{"line":35,"column":null}},"17":{"start":{"line":33,"column":4},"end":{"line":33,"column":null}},"18":{"start":{"line":34,"column":4},"end":{"line":35,"column":null}},"19":{"start":{"line":35,"column":6},"end":{"line":35,"column":null}},"20":{"start":{"line":39,"column":2},"end":{"line":144,"column":null}},"21":{"start":{"line":66,"column":33},"end":{"line":66,"column":90}},"22":{"start":{"line":76,"column":33},"end":{"line":76,"column":91}},"23":{"start":{"line":116,"column":12},"end":{"line":116,"column":null}}},"fnMap":{"0":{"name":"(anonymous_0)","decl":{"start":{"line":8,"column":6},"end":{"line":8,"column":19}},"loc":{"start":{"line":8,"column":19},"end":{"line":144,"column":null}},"line":8},"1":{"name":"(anonymous_1)","decl":{"start":{"line":14,"column":2},"end":{"line":14,"column":18}},"loc":{"start":{"line":14,"column":18},"end":{"line":30,"column":7}},"line":14},"2":{"name":"(anonymous_2)","decl":{"start":{"line":17,"column":26},"end":{"line":17,"column":38}},"loc":{"start":{"line":17,"column":38},"end":{"line":26,"column":null}},"line":17},"3":{"name":"(anonymous_3)","decl":{"start":{"line":22,"column":38},"end":{"line":22,"column":45}},"loc":{"start":{"line":22,"column":50},"end":{"line":22,"column":75}},"line":22},"4":{"name":"(anonymous_4)","decl":{"start":{"line":23,"column":38},"end":{"line":23,"column":45}},"loc":{"start":{"line":23,"column":50},"end":{"line":23,"column":75}},"line":23},"5":{"name":"(anonymous_5)","decl":{"start":{"line":32,"column":8},"end":{"line":32,"column":29}},"loc":{"start":{"line":32,"column":35},"end":{"line":35,"column":null}},"line":32},"6":{"name":"(anonymous_6)","decl":{"start":{"line":66,"column":16},"end":{"line":66,"column":27}},"loc":{"start":{"line":66,"column":33},"end":{"line":66,"column":90}},"line":66},"7":{"name":"(anonymous_7)","decl":{"start":{"line":76,"column":16},"end":{"line":76,"column":27}},"loc":{"start":{"line":76,"column":33},"end":{"line":76,"column":91}},"line":76},"8":{"name":"(anonymous_8)","decl":{"start":{"line":115,"column":25},"end":{"line":115,"column":29}},"loc":{"start":{"line":116,"column":12},"end":{"line":116,"column":null}},"line":116}},"branchMap":{"0":{"loc":{"start":{"line":34,"column":4},"end":{"line":35,"column":null}},"type":"if","locations":[{"start":{"line":34,"column":4},"end":{"line":35,"column":null}},{"start":{},"end":{}}],"line":34},"1":{"loc":{"start":{"line":34,"column":8},"end":{"line":34,"column":53}},"type":"binary-expr","locations":[{"start":{"line":34,"column":8},"end":{"line":34,"column":31}},{"start":{"line":34,"column":31},"end":{"line":34,"column":53}}],"line":34},"2":{"loc":{"start":{"line":77,"column":21},"end":{"line":77,"column":null}},"type":"binary-expr","locations":[{"start":{"line":77,"column":21},"end":{"line":77,"column":44}},{"start":{"line":77,"column":44},"end":{"line":77,"column":null}}],"line":77}},"s":{"0":1,"1":2,"2":2,"3":2,"4":2,"5":2,"6":1,"7":1,"8":1,"9":1,"10":1,"11":1,"12":1,"13":1,"14":0,"15":1,"16":2,"17":0,"18":0,"19":0,"20":2,"21":0,"22":0,"23":1},"f":{"0":2,"1":1,"2":1,"3":1,"4":1,"5":0,"6":0,"7":0,"8":1},"b":{"0":[0,0],"1":[0,0],"2":[2,2]},"meta":{"lastBranch":3,"lastFunction":9,"lastStatement":24,"seen":{"s:8:6:144:Infinity":0,"f:8:6:8:19":0,"s:9:10:9:32":1,"s:10:8:10:32":2,"s:11:24:11:56":3,"s:12:22:12:79":4,"s:14:2:30:Infinity":5,"f:14:2:14:18":1,"s:17:26:26:Infinity":6,"f:17:26:17:38":2,"s:18:6:26:Infinity":7,"s:19:25:19:57":8,"s:22:24:22:87":9,"f:22:38:22:45":3,"s:22:50:22:75":10,"s:23:24:23:87":11,"f:23:38:23:45":4,"s:23:50:23:75":12,"s:24:8:24:Infinity":13,"s:26:8:26:Infinity":14,"s:29:4:29:Infinity":15,"s:32:8:35:Infinity":16,"f:32:8:32:29":5,"s:33:4:33:Infinity":17,"b:34:4:35:Infinity:undefined:undefined:undefined:undefined":0,"s:34:4:35:Infinity":18,"b:34:8:34:31:34:31:34:53":1,"s:35:6:35:Infinity":19,"s:39:2:144:Infinity":20,"f:66:16:66:27":6,"s:66:33:66:90":21,"f:76:16:76:27":7,"s:76:33:76:91":22,"b:77:21:77:44:77:44:77:Infinity":2,"f:115:25:115:29":8,"s:116:12:116:Infinity":23}}}
,"C:\\Users\\lukas\\OneDrive\\Escritorio\\Hotel pacific reef\\frontend\\src\\pages\\Login.jsx": {"path":"C:\\Users\\lukas\\OneDrive\\Escritorio\\Hotel pacific reef\\frontend\\src\\pages\\Login.jsx","statementMap":{"0":{"start":{"line":6,"column":6},"end":{"line":128,"column":null}},"1":{"start":{"line":7,"column":19},"end":{"line":7,"column":71}},"2":{"start":{"line":8,"column":23},"end":{"line":8,"column":57}},"3":{"start":{"line":9,"column":16},"end":{"line":9,"column":40}},"4":{"start":{"line":10,"column":18},"end":{"line":10,"column":47}},"5":{"start":{"line":12,"column":10},"end":{"line":12,"column":29}},"6":{"start":{"line":13,"column":8},"end":{"line":13,"column":32}},"7":{"start":{"line":14,"column":8},"end":{"line":14,"column":32}},"8":{"start":{"line":17,"column":15},"end":{"line":17,"column":null}},"9":{"start":{"line":19,"column":23},"end":{"line":30,"column":null}},"10":{"start":{"line":20,"column":4},"end":{"line":20,"column":null}},"11":{"start":{"line":21,"column":4},"end":{"line":21,"column":null}},"12":{"start":{"line":22,"column":4},"end":{"line":22,"column":null}},"13":{"start":{"line":24,"column":4},"end":{"line":30,"column":null}},"14":{"start":{"line":25,"column":6},"end":{"line":25,"column":null}},"15":{"start":{"line":26,"column":6},"end":{"line":26,"column":null}},"16":{"start":{"line":28,"column":6},"end":{"line":28,"column":null}},"17":{"start":{"line":30,"column":6},"end":{"line":30,"column":null}},"18":{"start":{"line":34,"column":2},"end":{"line":128,"column":null}},"19":{"start":{"line":61,"column":33},"end":{"line":61,"column":null}},"20":{"start":{"line":78,"column":33},"end":{"line":78,"column":null}},"21":{"start":{"line":82,"column":31},"end":{"line":82,"column":61}}},"fnMap":{"0":{"name":"(anonymous_0)","decl":{"start":{"line":6,"column":6},"end":{"line":6,"column":20}},"loc":{"start":{"line":6,"column":20},"end":{"line":128,"column":null}},"line":6},"1":{"name":"(anonymous_1)","decl":{"start":{"line":19,"column":23},"end":{"line":19,"column":30}},"loc":{"start":{"line":19,"column":36},"end":{"line":30,"column":null}},"line":19},"2":{"name":"(anonymous_2)","decl":{"start":{"line":61,"column":16},"end":{"line":61,"column":27}},"loc":{"start":{"line":61,"column":33},"end":{"line":61,"column":null}},"line":61},"3":{"name":"(anonymous_3)","decl":{"start":{"line":78,"column":16},"end":{"line":78,"column":27}},"loc":{"start":{"line":78,"column":33},"end":{"line":78,"column":null}},"line":78},"4":{"name":"(anonymous_4)","decl":{"start":{"line":82,"column":16},"end":{"line":82,"column":31}},"loc":{"start":{"line":82,"column":31},"end":{"line":82,"column":61}},"line":82}},"branchMap":{"0":{"loc":{"start":{"line":17,"column":15},"end":{"line":17,"column":null}},"type":"binary-expr","locations":[{"start":{"line":17,"column":15},"end":{"line":17,"column":39}},{"start":{"line":17,"column":39},"end":{"line":17,"column":null}}],"line":17},"1":{"loc":{"start":{"line":28,"column":15},"end":{"line":28,"column":89}},"type":"binary-expr","locations":[{"start":{"line":28,"column":15},"end":{"line":28,"column":45}},{"start":{"line":28,"column":45},"end":{"line":28,"column":89}}],"line":28},"2":{"loc":{"start":{"line":42,"column":9},"end":{"line":45,"column":null}},"type":"binary-expr","locations":[{"start":{"line":42,"column":9},"end":{"line":42,"column":null}},{"start":{"line":43,"column":10},"end":{"line":45,"column":null}}],"line":42},"3":{"loc":{"start":{"line":73,"column":22},"end":{"line":73,"column":null}},"type":"cond-expr","locations":[{"start":{"line":73,"column":37},"end":{"line":73,"column":46}},{"start":{"line":73,"column":46},"end":{"line":73,"column":null}}],"line":73},"4":{"loc":{"start":{"line":85,"column":17},"end":{"line":85,"column":null}},"type":"cond-expr","locations":[{"start":{"line":85,"column":32},"end":{"line":85,"column":72}},{"start":{"line":85,"column":71},"end":{"line":85,"column":null}}],"line":85},"5":{"loc":{"start":{"line":105,"column":13},"end":{"line":108,"column":null}},"type":"cond-expr","locations":[{"start":{"line":106,"column":14},"end":{"line":108,"column":null}},{"start":{"line":108,"column":14},"end":{"line":108,"column":null}}],"line":105}},"s":{"0":1,"1":14,"2":14,"3":14,"4":14,"5":14,"6":14,"7":14,"8":14,"9":14,"10":2,"11":2,"12":2,"13":2,"14":2,"15":2,"16":0,"17":2,"18":14,"19":2,"20":2,"21":0},"f":{"0":14,"1":2,"2":2,"3":2,"4":0},"b":{"0":[14,14],"1":[0,0],"2":[14,0],"3":[0,14],"4":[0,14],"5":[2,12]},"meta":{"lastBranch":6,"lastFunction":5,"lastStatement":22,"seen":{"s:6:6:128:Infinity":0,"f:6:6:6:20":0,"s:7:19:7:71":1,"s:8:23:8:57":2,"s:9:16:9:40":3,"s:10:18:10:47":4,"s:12:10:12:29":5,"s:13:8:13:32":6,"s:14:8:14:32":7,"s:17:15:17:Infinity":8,"b:17:15:17:39:17:39:17:Infinity":0,"s:19:23:30:Infinity":9,"f:19:23:19:30":1,"s:20:4:20:Infinity":10,"s:21:4:21:Infinity":11,"s:22:4:22:Infinity":12,"s:24:4:30:Infinity":13,"s:25:6:25:Infinity":14,"s:26:6:26:Infinity":15,"s:28:6:28:Infinity":16,"b:28:15:28:45:28:45:28:89":1,"s:30:6:30:Infinity":17,"s:34:2:128:Infinity":18,"b:42:9:42:Infinity:43:10:45:Infinity":2,"f:61:16:61:27":2,"s:61:33:61:Infinity":19,"b:73:37:73:46:73:46:73:Infinity":3,"f:78:16:78:27":3,"s:78:33:78:Infinity":20,"f:82:16:82:31":4,"s:82:31:82:61":21,"b:85:32:85:72:85:71:85:Infinity":4,"b:106:14:108:Infinity:108:14:108:Infinity":5}}}
,"C:\\Users\\lukas\\OneDrive\\Escritorio\\Hotel pacific reef\\frontend\\src\\pages\\Register.jsx": {"path":"C:\\Users\\lukas\\OneDrive\\Escritorio\\Hotel pacific reef\\frontend\\src\\pages\\Register.jsx","statementMap":{"0":{"start":{"line":6,"column":6},"end":{"line":245,"column":null}},"1":{"start":{"line":7,"column":19},"end":{"line":15,"column":4}},"2":{"start":{"line":16,"column":17},"end":{"line":16,"column":42}},"3":{"start":{"line":17,"column":18},"end":{"line":17,"column":47}},"4":{"start":{"line":18,"column":18},"end":{"line":18,"column":47}},"5":{"start":{"line":20,"column":8},"end":{"line":20,"column":32}},"6":{"start":{"line":22,"column":8},"end":{"line":36,"column":null}},"7":{"start":{"line":23,"column":22},"end":{"line":23,"column":24}},"8":{"start":{"line":24,"column":4},"end":{"line":25,"column":null}},"9":{"start":{"line":25,"column":6},"end":{"line":25,"column":null}},"10":{"start":{"line":27,"column":4},"end":{"line":28,"column":null}},"11":{"start":{"line":28,"column":6},"end":{"line":28,"column":null}},"12":{"start":{"line":30,"column":4},"end":{"line":31,"column":null}},"13":{"start":{"line":31,"column":6},"end":{"line":31,"column":null}},"14":{"start":{"line":33,"column":4},"end":{"line":34,"column":null}},"15":{"start":{"line":34,"column":6},"end":{"line":34,"column":null}},"16":{"start":{"line":36,"column":4},"end":{"line":36,"column":null}},"17":{"start":{"line":39,"column":23},"end":{"line":71,"column":null}},"18":{"start":{"line":40,"column":4},"end":{"line":40,"column":null}},"19":{"start":{"line":41,"column":29},"end":{"line":41,"column":39}},"20":{"start":{"line":42,"column":4},"end":{"line":44,"column":null}},"21":{"start":{"line":43,"column":6},"end":{"line":43,"column":null}},"22":{"start":{"line":44,"column":6},"end":{"line":44,"column":null}},"23":{"start":{"line":47,"column":4},"end":{"line":47,"column":null}},"24":{"start":{"line":48,"column":4},"end":{"line":48,"column":null}},"25":{"start":{"line":50,"column":4},"end":{"line":71,"column":null}},"26":{"start":{"line":52,"column":6},"end":{"line":59,"column":null}},"27":{"start":{"line":61,"column":6},"end":{"line":61,"column":null}},"28":{"start":{"line":62,"column":6},"end":{"line":62,"column":null}},"29":{"start":{"line":62,"column":23},"end":{"line":62,"column":41}},"30":{"start":{"line":65,"column":6},"end":{"line":68,"column":null}},"31":{"start":{"line":66,"column":8},"end":{"line":66,"column":null}},"32":{"start":{"line":68,"column":8},"end":{"line":68,"column":null}},"33":{"start":{"line":71,"column":6},"end":{"line":71,"column":null}},"34":{"start":{"line":75,"column":2},"end":{"line":87,"column":null}},"35":{"start":{"line":76,"column":4},"end":{"line":87,"column":null}},"36":{"start":{"line":91,"column":2},"end":{"line":245,"column":null}},"37":{"start":{"line":118,"column":35},"end":{"line":118,"column":null}},"38":{"start":{"line":130,"column":33},"end":{"line":130,"column":null}},"39":{"start":{"line":148,"column":33},"end":{"line":148,"column":null}},"40":{"start":{"line":167,"column":33},"end":{"line":167,"column":null}},"41":{"start":{"line":185,"column":33},"end":{"line":185,"column":null}},"42":{"start":{"line":203,"column":33},"end":{"line":203,"column":null}},"43":{"start":{"line":220,"column":31},"end":{"line":220,"column":null}}},"fnMap":{"0":{"name":"(anonymous_0)","decl":{"start":{"line":6,"column":6},"end":{"line":6,"column":23}},"loc":{"start":{"line":6,"column":23},"end":{"line":245,"column":null}},"line":6},"1":{"name":"(anonymous_1)","decl":{"start":{"line":22,"column":8},"end":{"line":22,"column":25}},"loc":{"start":{"line":22,"column":25},"end":{"line":36,"column":null}},"line":22},"2":{"name":"(anonymous_2)","decl":{"start":{"line":39,"column":23},"end":{"line":39,"column":30}},"loc":{"start":{"line":39,"column":36},"end":{"line":71,"column":null}},"line":39},"3":{"name":"(anonymous_3)","decl":{"start":{"line":62,"column":6},"end":{"line":62,"column":23}},"loc":{"start":{"line":62,"column":23},"end":{"line":62,"column":41}},"line":62},"4":{"name":"(anonymous_4)","decl":{"start":{"line":118,"column":18},"end":{"line":118,"column":29}},"loc":{"start":{"line":118,"column":35},"end":{"line":118,"column":null}},"line":118},"5":{"name":"(anonymous_5)","decl":{"start":{"line":130,"column":16},"end":{"line":130,"column":27}},"loc":{"start":{"line":130,"column":33},"end":{"line":130,"column":null}},"line":130},"6":{"name":"(anonymous_6)","decl":{"start":{"line":148,"column":16},"end":{"line":148,"column":27}},"loc":{"start":{"line":148,"column":33},"end":{"line":148,"column":null}},"line":148},"7":{"name":"(anonymous_7)","decl":{"start":{"line":167,"column":16},"end":{"line":167,"column":27}},"loc":{"start":{"line":167,"column":33},"end":{"line":167,"column":null}},"line":167},"8":{"name":"(anonymous_8)","decl":{"start":{"line":185,"column":16},"end":{"line":185,"column":27}},"loc":{"start":{"line":185,"column":33},"end":{"line":185,"column":null}},"line":185},"9":{"name":"(anonymous_9)","decl":{"start":{"line":203,"column":16},"end":{"line":203,"column":27}},"loc":{"start":{"line":203,"column":33},"end":{"line":203,"column":null}},"line":203},"10":{"name":"(anonymous_10)","decl":{"start":{"line":220,"column":14},"end":{"line":220,"column":25}},"loc":{"start":{"line":220,"column":31},"end":{"line":220,"column":null}},"line":220}},"branchMap":{"0":{"loc":{"start":{"line":24,"column":4},"end":{"line":25,"column":null}},"type":"if","locations":[{"start":{"line":24,"column":4},"end":{"line":25,"column":null}},{"start":{},"end":{}}],"line":24},"1":{"loc":{"start":{"line":27,"column":4},"end":{"line":28,"column":null}},"type":"if","locations":[{"start":{"line":27,"column":4},"end":{"line":28,"column":null}},{"start":{},"end":{}}],"line":27},"2":{"loc":{"start":{"line":30,"column":4},"end":{"line":31,"column":null}},"type":"if","locations":[{"start":{"line":30,"column":4},"end":{"line":31,"column":null}},{"start":{},"end":{}}],"line":30},"3":{"loc":{"start":{"line":33,"column":4},"end":{"line":34,"column":null}},"type":"if","locations":[{"start":{"line":33,"column":4},"end":{"line":34,"column":null}},{"start":{},"end":{}}],"line":33},"4":{"loc":{"start":{"line":42,"column":4},"end":{"line":44,"column":null}},"type":"if","locations":[{"start":{"line":42,"column":4},"end":{"line":44,"column":null}},{"start":{},"end":{}}],"line":42},"5":{"loc":{"start":{"line":58,"column":21},"end":{"line":58,"column":null}},"type":"binary-expr","locations":[{"start":{"line":58,"column":21},"end":{"line":58,"column":45}},{"start":{"line":58,"column":45},"end":{"line":58,"column":null}}],"line":58},"6":{"loc":{"start":{"line":65,"column":6},"end":{"line":68,"column":null}},"type":"if","locations":[{"start":{"line":65,"column":6},"end":{"line":68,"column":null}},{"start":{"line":67,"column":13},"end":{"line":68,"column":null}}],"line":65},"7":{"loc":{"start":{"line":75,"column":2},"end":{"line":87,"column":null}},"type":"if","locations":[{"start":{"line":75,"column":2},"end":{"line":87,"column":null}},{"start":{},"end":{}}],"line":75},"8":{"loc":{"start":{"line":99,"column":9},"end":{"line":102,"column":null}},"type":"binary-expr","locations":[{"start":{"line":99,"column":9},"end":{"line":99,"column":null}},{"start":{"line":100,"column":10},"end":{"line":102,"column":null}}],"line":99},"9":{"loc":{"start":{"line":144,"column":18},"end":{"line":144,"column":null}},"type":"cond-expr","locations":[{"start":{"line":144,"column":33},"end":{"line":144,"column":71}},{"start":{"line":144,"column":71},"end":{"line":144,"column":null}}],"line":144},"10":{"loc":{"start":{"line":151,"column":13},"end":{"line":151,"column":null}},"type":"binary-expr","locations":[{"start":{"line":151,"column":13},"end":{"line":151,"column":29}},{"start":{"line":151,"column":29},"end":{"line":151,"column":null}}],"line":151},"11":{"loc":{"start":{"line":163,"column":18},"end":{"line":163,"column":null}},"type":"cond-expr","locations":[{"start":{"line":163,"column":33},"end":{"line":163,"column":52}},{"start":{"line":163,"column":52},"end":{"line":163,"column":null}}],"line":163},"12":{"loc":{"start":{"line":170,"column":13},"end":{"line":170,"column":null}},"type":"binary-expr","locations":[{"start":{"line":170,"column":13},"end":{"line":170,"column":29}},{"start":{"line":170,"column":29},"end":{"line":170,"column":null}}],"line":170},"13":{"loc":{"start":{"line":199,"column":18},"end":{"line":199,"column":null}},"type":"cond-expr","locations":[{"start":{"line":199,"column":36},"end":{"line":199,"column":55}},{"start":{"line":199,"column":55},"end":{"line":199,"column":null}}],"line":199},"14":{"loc":{"start":{"line":206,"column":13},"end":{"line":206,"column":null}},"type":"binary-expr","locations":[{"start":{"line":206,"column":13},"end":{"line":206,"column":32}},{"start":{"line":206,"column":32},"end":{"line":206,"column":null}}],"line":206},"15":{"loc":{"start":{"line":216,"column":16},"end":{"line":216,"column":null}},"type":"cond-expr","locations":[{"start":{"line":216,"column":41},"end":{"line":216,"column":60}},{"start":{"line":216,"column":60},"end":{"line":216,"column":null}}],"line":216},"16":{"loc":{"start":{"line":222,"column":13},"end":{"line":222,"column":null}},"type":"binary-expr","locations":[{"start":{"line":222,"column":13},"end":{"line":222,"column":39}},{"start":{"line":222,"column":39},"end":{"line":222,"column":null}}],"line":222},"17":{"loc":{"start":{"line":230,"column":13},"end":{"line":233,"column":null}},"type":"cond-expr","locations":[{"start":{"line":231,"column":14},"end":{"line":233,"column":null}},{"start":{"line":233,"column":14},"end":{"line":233,"column":null}}],"line":230}},"s":{"0":1,"1":35,"2":35,"3":35,"4":35,"5":35,"6":35,"7":4,"8":4,"9":1,"10":4,"11":1,"12":4,"13":0,"14":4,"15":0,"16":4,"17":35,"18":4,"19":4,"20":4,"21":2,"22":2,"23":2,"24":2,"25":2,"26":2,"27":1,"28":1,"29":0,"30":1,"31":1,"32":0,"33":2,"34":35,"35":1,"36":34,"37":4,"38":4,"39":4,"40":4,"41":0,"42":4,"43":4},"f":{"0":35,"1":4,"2":4,"3":0,"4":4,"5":4,"6":4,"7":4,"8":0,"9":4,"10":4},"b":{"0":[1,3],"1":[1,3],"2":[0,4],"3":[0,4],"4":[2,2],"5":[2,2],"6":[1,0],"7":[1,34],"8":[34,0],"9":[1,33],"10":[35,1],"11":[0,34],"12":[35,0],"13":[1,33],"14":[35,1],"15":[1,33],"16":[35,1],"17":[2,32]},"meta":{"lastBranch":18,"lastFunction":11,"lastStatement":44,"seen":{"s:6:6:245:Infinity":0,"f:6:6:6:23":0,"s:7:19:15:4":1,"s:16:17:16:42":2,"s:17:18:17:47":3,"s:18:18:18:47":4,"s:20:8:20:32":5,"s:22:8:36:Infinity":6,"f:22:8:22:25":1,"s:23:22:23:24":7,"b:24:4:25:Infinity:undefined:undefined:undefined:undefined":0,"s:24:4:25:Infinity":8,"s:25:6:25:Infinity":9,"b:27:4:28:Infinity:undefined:undefined:undefined:undefined":1,"s:27:4:28:Infinity":10,"s:28:6:28:Infinity":11,"b:30:4:31:Infinity:undefined:undefined:undefined:undefined":2,"s:30:4:31:Infinity":12,"s:31:6:31:Infinity":13,"b:33:4:34:Infinity:undefined:undefined:undefined:undefined":3,"s:33:4:34:Infinity":14,"s:34:6:34:Infinity":15,"s:36:4:36:Infinity":16,"s:39:23:71:Infinity":17,"f:39:23:39:30":2,"s:40:4:40:Infinity":18,"s:41:29:41:39":19,"b:42:4:44:Infinity:undefined:undefined:undefined:undefined":4,"s:42:4:44:Infinity":20,"s:43:6:43:Infinity":21,"s:44:6:44:Infinity":22,"s:47:4:47:Infinity":23,"s:48:4:48:Infinity":24,"s:50:4:71:Infinity":25,"s:52:6:59:Infinity":26,"b:58:21:58:45:58:45:58:Infinity":5,"s:61:6:61:Infinity":27,"s:62:6:62:Infinity":28,"f:62:6:62:23":3,"s:62:23:62:41":29,"b:65:6:68:Infinity:67:13:68:Infinity":6,"s:65:6:68:Infinity":30,"s:66:8:66:Infinity":31,"s:68:8:68:Infinity":32,"s:71:6:71:Infinity":33,"b:75:2:87:Infinity:undefined:undefined:undefined:undefined":7,"s:75:2:87:Infinity":34,"s:76:4:87:Infinity":35,"s:91:2:245:Infinity":36,"b:99:9:99:Infinity:100:10:102:Infinity":8,"f:118:18:118:29":4,"s:118:35:118:Infinity":37,"f:130:16:130:27":5,"s:130:33:130:Infinity":38,"b:144:33:144:71:144:71:144:Infinity":9,"f:148:16:148:27":6,"s:148:33:148:Infinity":39,"b:151:13:151:29:151:29:151:Infinity":10,"b:163:33:163:52:163:52:163:Infinity":11,"f:167:16:167:27":7,"s:167:33:167:Infinity":40,"b:170:13:170:29:170:29:170:Infinity":12,"f:185:16:185:27":8,"s:185:33:185:Infinity":41,"b:199:36:199:55:199:55:199:Infinity":13,"f:203:16:203:27":9,"s:203:33:203:Infinity":42,"b:206:13:206:32:206:32:206:Infinity":14,"b:216:41:216:60:216:60:216:Infinity":15,"f:220:14:220:25":10,"s:220:31:220:Infinity":43,"b:222:13:222:39:222:39:222:Infinity":16,"b:231:14:233:Infinity:233:14:233:Infinity":17}}}
}
